<?xml version="1.0" encoding="UTF-8"?>
<!-- Generated by org.testng.reporters.JUnitReportReporter -->
<testsuite hostname="DESKTOP-IHTO98L" failures="0" tests="2" name="com.mystore.testcases.AddToCartPageTest" time="12.207" errors="1" timestamp="2024-06-26T19:09:14 IST" skipped="1">
  <testcase classname="com.mystore.testcases.AddToCartPageTest" name="setup" time="12.207">
    <error message="session not created: This version of ChromeDriver only supports Chrome version 114
Current browser version is 126.0.6478.115 with binary path C:\Program Files\Google\Chrome\Application\chrome.exe
Build info: version: &#039;3.141.59&#039;, revision: &#039;e82be7d358&#039;, time: &#039;2018-11-14T08:17:03&#039;
System info: host: &#039;DESKTOP-IHTO98L&#039;, ip: &#039;192.168.29.140&#039;, os.name: &#039;Windows 10&#039;, os.arch: &#039;amd64&#039;, os.version: &#039;10.0&#039;, java.version: &#039;21.0.3&#039;
Driver info: driver.version: ChromeDriver
remote stacktrace: Backtrace:
	GetHandleVerifier [0x00CBA813+48355]
	(No symbol) [0x00C4C4B1]
	(No symbol) [0x00B55358]
	(No symbol) [0x00B761AC]
	(No symbol) [0x00B71EF3]
	(No symbol) [0x00B70579]
	(No symbol) [0x00BA0C55]
	(No symbol) [0x00BA093C]
	(No symbol) [0x00B9A536]
	(No symbol) [0x00B782DC]
	(No symbol) [0x00B793DD]
	GetHandleVerifier [0x00F1AABD+2539405]
	GetHandleVerifier [0x00F5A78F+2800735]
	GetHandleVerifier [0x00F5456C+2775612]
	GetHandleVerifier [0x00D451E0+616112]
	(No symbol) [0x00C55F8C]
	(No symbol) [0x00C52328]
	(No symbol) [0x00C5240B]
	(No symbol) [0x00C44FF7]
	BaseThreadInitThunk [0x754BFCC9+25]
	RtlGetAppContainerNamedObjectPath [0x76FF80CE+286]
	RtlGetAppContainerNamedObjectPath [0x76FF809E+238]
" type="org.openqa.selenium.SessionNotCreatedException">
      <![CDATA[org.openqa.selenium.SessionNotCreatedException: session not created: This version of ChromeDriver only supports Chrome version 114
Current browser version is 126.0.6478.115 with binary path C:\Program Files\Google\Chrome\Application\chrome.exe
Build info: version: '3.141.59', revision: 'e82be7d358', time: '2018-11-14T08:17:03'
System info: host: 'DESKTOP-IHTO98L', ip: '192.168.29.140', os.name: 'Windows 10', os.arch: 'amd64', os.version: '10.0', java.version: '21.0.3'
Driver info: driver.version: ChromeDriver
remote stacktrace: Backtrace:
GetHandleVerifier [0x00CBA813+48355]
(No symbol) [0x00C4C4B1]
(No symbol) [0x00B55358]
(No symbol) [0x00B761AC]
(No symbol) [0x00B71EF3]
(No symbol) [0x00B70579]
(No symbol) [0x00BA0C55]
(No symbol) [0x00BA093C]
(No symbol) [0x00B9A536]
(No symbol) [0x00B782DC]
(No symbol) [0x00B793DD]
GetHandleVerifier [0x00F1AABD+2539405]
GetHandleVerifier [0x00F5A78F+2800735]
GetHandleVerifier [0x00F5456C+2775612]
GetHandleVerifier [0x00D451E0+616112]
(No symbol) [0x00C55F8C]
(No symbol) [0x00C52328]
(No symbol) [0x00C5240B]
(No symbol) [0x00C44FF7]
BaseThreadInitThunk [0x754BFCC9+25]
RtlGetAppContainerNamedObjectPath [0x76FF80CE+286]
RtlGetAppContainerNamedObjectPath [0x76FF809E+238]

at java.base/jdk.internal.reflect.DirectConstructorHandleAccessor.newInstance(DirectConstructorHandleAccessor.java:62)
at java.base/java.lang.reflect.Constructor.newInstanceWithCaller(Constructor.java:502)
at java.base/java.lang.reflect.Constructor.newInstance(Constructor.java:486)
at org.openqa.selenium.remote.W3CHandshakeResponse.lambda$errorHandler$0(W3CHandshakeResponse.java:62)
at org.openqa.selenium.remote.HandshakeResponse.lambda$getResponseFunction$0(HandshakeResponse.java:30)
at org.openqa.selenium.remote.ProtocolHandshake.lambda$createSession$0(ProtocolHandshake.java:126)
at java.base/java.util.stream.ReferencePipeline$3$1.accept(ReferencePipeline.java:197)
at java.base/java.util.Spliterators$ArraySpliterator.tryAdvance(Spliterators.java:1034)
at java.base/java.util.stream.ReferencePipeline.forEachWithCancel(ReferencePipeline.java:129)
at java.base/java.util.stream.AbstractPipeline.copyIntoWithCancel(AbstractPipeline.java:527)
at java.base/java.util.stream.AbstractPipeline.copyInto(AbstractPipeline.java:513)
at java.base/java.util.stream.AbstractPipeline.wrapAndCopyInto(AbstractPipeline.java:499)
at java.base/java.util.stream.FindOps$FindOp.evaluateSequential(FindOps.java:150)
at java.base/java.util.stream.AbstractPipeline.evaluate(AbstractPipeline.java:234)
at java.base/java.util.stream.ReferencePipeline.findFirst(ReferencePipeline.java:647)
at org.openqa.selenium.remote.ProtocolHandshake.createSession(ProtocolHandshake.java:128)
at org.openqa.selenium.remote.ProtocolHandshake.createSession(ProtocolHandshake.java:74)
at org.openqa.selenium.remote.HttpCommandExecutor.execute(HttpCommandExecutor.java:136)
at org.openqa.selenium.remote.service.DriverCommandExecutor.execute(DriverCommandExecutor.java:83)
at org.openqa.selenium.remote.RemoteWebDriver.execute(RemoteWebDriver.java:552)
at org.openqa.selenium.remote.RemoteWebDriver.startSession(RemoteWebDriver.java:213)
at org.openqa.selenium.remote.RemoteWebDriver.<init>(RemoteWebDriver.java:131)
at org.openqa.selenium.chrome.ChromeDriver.<init>(ChromeDriver.java:181)
at org.openqa.selenium.chrome.ChromeDriver.<init>(ChromeDriver.java:168)
at org.openqa.selenium.chrome.ChromeDriver.<init>(ChromeDriver.java:123)
at com.mystore.base.BaseClass.launchApp(BaseClass.java:66)
at com.mystore.testcases.AddToCartPageTest.setup(AddToCartPageTest.java:29)
at java.base/jdk.internal.reflect.DirectMethodHandleAccessor.invoke(DirectMethodHandleAccessor.java:103)
at java.base/java.lang.reflect.Method.invoke(Method.java:580)
at org.testng.internal.MethodInvocationHelper.invokeMethod(MethodInvocationHelper.java:134)
at org.testng.internal.MethodInvocationHelper.invokeMethodConsideringTimeout(MethodInvocationHelper.java:63)
at org.testng.internal.ConfigInvoker.invokeConfigurationMethod(ConfigInvoker.java:348)
at org.testng.internal.ConfigInvoker.invokeConfigurations(ConfigInvoker.java:302)
at org.testng.internal.TestInvoker.runConfigMethods(TestInvoker.java:695)
at org.testng.internal.TestInvoker.invokeMethod(TestInvoker.java:523)
at org.testng.internal.TestInvoker.invokeTestMethod(TestInvoker.java:173)
at org.testng.internal.MethodRunner.runInSequence(MethodRunner.java:46)
at org.testng.internal.TestInvoker$MethodInvocationAgent.invoke(TestInvoker.java:816)
at org.testng.internal.TestInvoker.invokeTestMethods(TestInvoker.java:146)
at org.testng.internal.TestMethodWorker.invokeTestMethods(TestMethodWorker.java:146)
at org.testng.internal.TestMethodWorker.run(TestMethodWorker.java:128)
at java.base/java.util.ArrayList.forEach(ArrayList.java:1596)
at org.testng.TestRunner.privateRun(TestRunner.java:766)
at org.testng.TestRunner.run(TestRunner.java:587)
at org.testng.SuiteRunner.runTest(SuiteRunner.java:384)
at org.testng.SuiteRunner.runSequentially(SuiteRunner.java:378)
at org.testng.SuiteRunner.privateRun(SuiteRunner.java:337)
at org.testng.SuiteRunner.run(SuiteRunner.java:286)
at org.testng.SuiteRunnerWorker.runSuite(SuiteRunnerWorker.java:53)
at org.testng.SuiteRunnerWorker.run(SuiteRunnerWorker.java:96)
at org.testng.TestNG.runSuitesSequentially(TestNG.java:1187)
at org.testng.TestNG.runSuitesLocally(TestNG.java:1109)
at org.testng.TestNG.runSuites(TestNG.java:1039)
at org.testng.TestNG.run(TestNG.java:1007)
at org.testng.remote.AbstractRemoteTestNG.run(AbstractRemoteTestNG.java:115)
at org.testng.remote.RemoteTestNG.initAndRun(RemoteTestNG.java:293)
at org.testng.remote.RemoteTestNG.main(RemoteTestNG.java:91)
]]>
    </error>
  </testcase> <!-- setup -->
  <system-out/>
  <testcase classname="com.mystore.testcases.AddToCartPageTest" name="addToCartTest" time="0.000">
    <skipped/>
  </testcase> <!-- addToCartTest -->
  <system-out/>
</testsuite> <!-- com.mystore.testcases.AddToCartPageTest -->
